2017-09-04 14:30:17,210 [Worker-4] INFO  o.e.m.c.i.l.LifecycleMappingFactory - Using org.eclipse.m2e.jdt.JarLifecycleMapping lifecycle mapping for MavenProject: Maven_project:Maven_project:0.0.1-SNAPSHOT @ C:\Users\IBM_ADMIN\git\MySA-IA1\pom.xml.
2017-09-04 14:30:18,579 [Worker-4] WARN  o.e.m.c.i.embedder.EclipseLogger - The artifact jexcelapi:jxl:jar:2.6 has been relocated to net.sourceforge.jexcelapi:jxl:jar:2.6
2017-09-04 14:30:22,258 [Worker-4] WARN  o.e.m.c.i.embedder.EclipseLogger - Using platform encoding (Cp1252 actually) to copy filtered resources, i.e. build is platform dependent!
2017-09-04 14:30:22,260 [Worker-4] INFO  o.e.m.c.i.embedder.EclipseLogger - skip non existing resourceDirectory C:\Users\IBM_ADMIN\git\MySA-IA1\src\main\resources
2017-09-04 14:30:22,263 [Worker-4] WARN  o.e.m.c.i.embedder.EclipseLogger - Using platform encoding (Cp1252 actually) to copy filtered resources, i.e. build is platform dependent!
2017-09-04 14:30:22,265 [Worker-4] INFO  o.e.m.c.i.embedder.EclipseLogger - skip non existing resourceDirectory C:\Users\IBM_ADMIN\git\MySA-IA1\src\test\resources
2017-09-04 14:30:23,413 [Worker-8] INFO  o.e.m.c.i.l.LifecycleMappingFactory - Using org.eclipse.m2e.jdt.JarLifecycleMapping lifecycle mapping for MavenProject: Maven_project:Maven_project:0.0.1-SNAPSHOT @ C:\Users\IBM_ADMIN\git\MySA-IA1\pom.xml.
2017-09-04 14:30:24,561 [Worker-5] WARN  o.e.m.c.i.embedder.EclipseLogger - Using platform encoding (Cp1252 actually) to copy filtered resources, i.e. build is platform dependent!
2017-09-04 14:30:24,569 [Worker-5] INFO  o.e.m.c.i.embedder.EclipseLogger - skip non existing resourceDirectory C:\Users\IBM_ADMIN\git\MySA-IA1\src\main\resources
2017-09-04 14:30:24,571 [Worker-5] WARN  o.e.m.c.i.embedder.EclipseLogger - Using platform encoding (Cp1252 actually) to copy filtered resources, i.e. build is platform dependent!
2017-09-04 14:30:24,573 [Worker-5] INFO  o.e.m.c.i.embedder.EclipseLogger - skip non existing resourceDirectory C:\Users\IBM_ADMIN\git\MySA-IA1\src\test\resources
2017-09-04 14:30:24,598 [Worker-8] WARN  o.e.m.c.i.embedder.EclipseLogger - The artifact jexcelapi:jxl:jar:2.6 has been relocated to net.sourceforge.jexcelapi:jxl:jar:2.6
2017-09-04 14:30:25,531 [Worker-8] INFO  o.e.m.c.i.l.LifecycleMappingFactory - Using org.eclipse.m2e.jdt.JarLifecycleMapping lifecycle mapping for MavenProject: Maven_project:Maven_project:0.0.1-SNAPSHOT @ C:\Users\IBM_ADMIN\git\MySA-IA1\pom.xml.
2017-09-04 14:30:26,380 [Worker-8] WARN  o.e.m.c.i.embedder.EclipseLogger - The artifact jexcelapi:jxl:jar:2.6 has been relocated to net.sourceforge.jexcelapi:jxl:jar:2.6
2017-09-04 14:30:28,201 [Worker-6] WARN  o.e.m.c.i.embedder.EclipseLogger - Using platform encoding (Cp1252 actually) to copy filtered resources, i.e. build is platform dependent!
2017-09-04 14:30:28,202 [Worker-6] INFO  o.e.m.c.i.embedder.EclipseLogger - skip non existing resourceDirectory C:\Users\IBM_ADMIN\git\MySA-IA1\src\main\resources
2017-09-04 14:30:28,204 [Worker-6] WARN  o.e.m.c.i.embedder.EclipseLogger - Using platform encoding (Cp1252 actually) to copy filtered resources, i.e. build is platform dependent!
2017-09-04 14:30:28,206 [Worker-6] INFO  o.e.m.c.i.embedder.EclipseLogger - skip non existing resourceDirectory C:\Users\IBM_ADMIN\git\MySA-IA1\src\test\resources
2017-09-04 14:30:29,336 [Worker-12] WARN  o.e.m.c.i.embedder.EclipseLogger - Using platform encoding (Cp1252 actually) to copy filtered resources, i.e. build is platform dependent!
2017-09-04 14:30:29,338 [Worker-12] INFO  o.e.m.c.i.embedder.EclipseLogger - skip non existing resourceDirectory C:\Users\IBM_ADMIN\git\MySA-IA1\src\main\resources
2017-09-04 14:30:29,344 [Worker-12] WARN  o.e.m.c.i.embedder.EclipseLogger - Using platform encoding (Cp1252 actually) to copy filtered resources, i.e. build is platform dependent!
2017-09-04 14:30:29,345 [Worker-12] INFO  o.e.m.c.i.embedder.EclipseLogger - skip non existing resourceDirectory C:\Users\IBM_ADMIN\git\MySA-IA1\src\test\resources
2017-09-04 14:36:17,895 [Worker-8] WARN  o.e.m.c.i.embedder.EclipseLogger - Using platform encoding (Cp1252 actually) to copy filtered resources, i.e. build is platform dependent!
2017-09-04 14:36:17,899 [Worker-8] INFO  o.e.m.c.i.embedder.EclipseLogger - skip non existing resourceDirectory C:\Users\IBM_ADMIN\git\MySA-IA1\src\main\resources
2017-09-04 14:36:17,902 [Worker-8] WARN  o.e.m.c.i.embedder.EclipseLogger - Using platform encoding (Cp1252 actually) to copy filtered resources, i.e. build is platform dependent!
2017-09-04 14:36:17,904 [Worker-8] INFO  o.e.m.c.i.embedder.EclipseLogger - skip non existing resourceDirectory C:\Users\IBM_ADMIN\git\MySA-IA1\src\test\resources
2017-09-04 14:41:03,234 [Worker-19] INFO  o.e.m.c.i.l.LifecycleMappingFactory - Using org.eclipse.m2e.jdt.JarLifecycleMapping lifecycle mapping for MavenProject: Maven_project:Maven_project:0.0.1-SNAPSHOT @ C:\Users\IBM_ADMIN\git\MySA-IA1\pom.xml.
2017-09-04 14:41:04,136 [Worker-13] INFO  o.e.m.c.i.l.LifecycleMappingFactory - Using org.eclipse.m2e.jdt.JarLifecycleMapping lifecycle mapping for MavenProject: Maven_project:Maven_project:0.0.1-SNAPSHOT @ C:\Users\IBM_ADMIN\git\MySA-IA1\pom.xml.
2017-09-04 14:41:04,192 [Worker-19] WARN  o.e.m.c.i.embedder.EclipseLogger - The artifact jexcelapi:jxl:jar:2.6 has been relocated to net.sourceforge.jexcelapi:jxl:jar:2.6
2017-09-04 14:41:04,666 [Worker-13] WARN  o.e.m.c.i.embedder.EclipseLogger - The artifact jexcelapi:jxl:jar:2.6 has been relocated to net.sourceforge.jexcelapi:jxl:jar:2.6
2017-09-04 14:41:05,588 [Worker-13] WARN  o.e.m.c.i.embedder.EclipseLogger - Using platform encoding (Cp1252 actually) to copy filtered resources, i.e. build is platform dependent!
2017-09-04 14:41:05,590 [Worker-13] INFO  o.e.m.c.i.embedder.EclipseLogger - skip non existing resourceDirectory C:\Users\IBM_ADMIN\git\MySA-IA1\src\main\resources
2017-09-04 14:41:05,591 [Worker-13] WARN  o.e.m.c.i.embedder.EclipseLogger - Using platform encoding (Cp1252 actually) to copy filtered resources, i.e. build is platform dependent!
2017-09-04 14:41:05,592 [Worker-13] INFO  o.e.m.c.i.embedder.EclipseLogger - skip non existing resourceDirectory C:\Users\IBM_ADMIN\git\MySA-IA1\src\test\resources
2017-09-04 14:41:07,010 [Worker-18] INFO  o.e.m.c.i.l.LifecycleMappingFactory - Using org.eclipse.m2e.jdt.JarLifecycleMapping lifecycle mapping for MavenProject: Maven_project:Maven_project:0.0.1-SNAPSHOT @ C:\Users\IBM_ADMIN\git\MySA-IA1\pom.xml.
2017-09-04 14:41:07,861 [Worker-17] WARN  o.e.m.c.i.embedder.EclipseLogger - Using platform encoding (Cp1252 actually) to copy filtered resources, i.e. build is platform dependent!
2017-09-04 14:41:07,865 [Worker-17] INFO  o.e.m.c.i.embedder.EclipseLogger - skip non existing resourceDirectory C:\Users\IBM_ADMIN\git\MySA-IA1\src\main\resources
2017-09-04 14:41:07,867 [Worker-17] WARN  o.e.m.c.i.embedder.EclipseLogger - Using platform encoding (Cp1252 actually) to copy filtered resources, i.e. build is platform dependent!
2017-09-04 14:41:07,868 [Worker-17] INFO  o.e.m.c.i.embedder.EclipseLogger - skip non existing resourceDirectory C:\Users\IBM_ADMIN\git\MySA-IA1\src\test\resources
2017-09-04 14:41:08,218 [Worker-18] WARN  o.e.m.c.i.embedder.EclipseLogger - The artifact jexcelapi:jxl:jar:2.6 has been relocated to net.sourceforge.jexcelapi:jxl:jar:2.6
2017-09-04 14:41:09,675 [Worker-13] WARN  o.e.m.c.i.embedder.EclipseLogger - Using platform encoding (Cp1252 actually) to copy filtered resources, i.e. build is platform dependent!
2017-09-04 14:41:09,676 [Worker-13] INFO  o.e.m.c.i.embedder.EclipseLogger - skip non existing resourceDirectory C:\Users\IBM_ADMIN\git\MySA-IA1\src\main\resources
2017-09-04 14:41:09,679 [Worker-13] WARN  o.e.m.c.i.embedder.EclipseLogger - Using platform encoding (Cp1252 actually) to copy filtered resources, i.e. build is platform dependent!
2017-09-04 14:41:09,681 [Worker-13] INFO  o.e.m.c.i.embedder.EclipseLogger - skip non existing resourceDirectory C:\Users\IBM_ADMIN\git\MySA-IA1\src\test\resources
2017-09-04 14:41:10,798 [Worker-19] WARN  o.e.m.c.i.embedder.EclipseLogger - Using platform encoding (Cp1252 actually) to copy filtered resources, i.e. build is platform dependent!
2017-09-04 14:41:10,800 [Worker-19] INFO  o.e.m.c.i.embedder.EclipseLogger - skip non existing resourceDirectory C:\Users\IBM_ADMIN\git\MySA-IA1\src\main\resources
2017-09-04 14:41:10,804 [Worker-19] WARN  o.e.m.c.i.embedder.EclipseLogger - Using platform encoding (Cp1252 actually) to copy filtered resources, i.e. build is platform dependent!
2017-09-04 14:41:10,805 [Worker-19] INFO  o.e.m.c.i.embedder.EclipseLogger - skip non existing resourceDirectory C:\Users\IBM_ADMIN\git\MySA-IA1\src\test\resources
2017-09-04 14:43:51,380 [Worker-17] WARN  o.e.m.c.i.embedder.EclipseLogger - Using platform encoding (Cp1252 actually) to copy filtered resources, i.e. build is platform dependent!
2017-09-04 14:43:51,383 [Worker-17] INFO  o.e.m.c.i.embedder.EclipseLogger - skip non existing resourceDirectory C:\Users\IBM_ADMIN\git\MySA-IA1\src\main\resources
2017-09-04 14:43:51,388 [Worker-17] WARN  o.e.m.c.i.embedder.EclipseLogger - Using platform encoding (Cp1252 actually) to copy filtered resources, i.e. build is platform dependent!
2017-09-04 14:43:51,389 [Worker-17] INFO  o.e.m.c.i.embedder.EclipseLogger - skip non existing resourceDirectory C:\Users\IBM_ADMIN\git\MySA-IA1\src\test\resources
2017-09-04 14:47:50,249 [Worker-23] INFO  o.e.m.c.i.l.LifecycleMappingFactory - Using org.eclipse.m2e.jdt.JarLifecycleMapping lifecycle mapping for MavenProject: Maven_project:Maven_project:0.0.1-SNAPSHOT @ C:\Users\IBM_ADMIN\git\MySA-IA_git1\pom.xml.
2017-09-04 14:47:51,180 [Worker-23] WARN  o.e.m.c.i.embedder.EclipseLogger - The artifact jexcelapi:jxl:jar:2.6 has been relocated to net.sourceforge.jexcelapi:jxl:jar:2.6
2017-09-04 14:47:52,246 [Worker-23] WARN  o.e.m.c.i.embedder.EclipseLogger - Using platform encoding (Cp1252 actually) to copy filtered resources, i.e. build is platform dependent!
2017-09-04 14:47:52,248 [Worker-23] INFO  o.e.m.c.i.embedder.EclipseLogger - skip non existing resourceDirectory C:\Users\IBM_ADMIN\git\MySA-IA_git1\src\main\resources
2017-09-04 14:47:52,250 [Worker-23] WARN  o.e.m.c.i.embedder.EclipseLogger - Using platform encoding (Cp1252 actually) to copy filtered resources, i.e. build is platform dependent!
2017-09-04 14:47:52,251 [Worker-23] INFO  o.e.m.c.i.embedder.EclipseLogger - skip non existing resourceDirectory C:\Users\IBM_ADMIN\git\MySA-IA_git1\src\test\resources
2017-09-04 14:47:52,545 [Worker-25] INFO  o.e.m.c.i.l.LifecycleMappingFactory - Using org.eclipse.m2e.jdt.JarLifecycleMapping lifecycle mapping for MavenProject: Maven_project:Maven_project:0.0.1-SNAPSHOT @ C:\Users\IBM_ADMIN\git\MySA-IA_git1\pom.xml.
2017-09-04 14:47:53,621 [Worker-25] WARN  o.e.m.c.i.embedder.EclipseLogger - The artifact jexcelapi:jxl:jar:2.6 has been relocated to net.sourceforge.jexcelapi:jxl:jar:2.6
2017-09-04 14:47:54,210 [Worker-26] WARN  o.e.m.c.i.embedder.EclipseLogger - Using platform encoding (Cp1252 actually) to copy filtered resources, i.e. build is platform dependent!
2017-09-04 14:47:54,211 [Worker-26] INFO  o.e.m.c.i.embedder.EclipseLogger - skip non existing resourceDirectory C:\Users\IBM_ADMIN\git\MySA-IA_git1\src\main\resources
2017-09-04 14:47:54,255 [Worker-26] WARN  o.e.m.c.i.embedder.EclipseLogger - Using platform encoding (Cp1252 actually) to copy filtered resources, i.e. build is platform dependent!
2017-09-04 14:47:54,257 [Worker-26] INFO  o.e.m.c.i.embedder.EclipseLogger - skip non existing resourceDirectory C:\Users\IBM_ADMIN\git\MySA-IA_git1\src\test\resources
2017-09-04 14:47:55,416 [Worker-21] WARN  o.e.m.c.i.embedder.EclipseLogger - Using platform encoding (Cp1252 actually) to copy filtered resources, i.e. build is platform dependent!
2017-09-04 14:47:55,418 [Worker-21] INFO  o.e.m.c.i.embedder.EclipseLogger - skip non existing resourceDirectory C:\Users\IBM_ADMIN\git\MySA-IA_git1\src\main\resources
2017-09-04 14:47:55,420 [Worker-21] WARN  o.e.m.c.i.embedder.EclipseLogger - Using platform encoding (Cp1252 actually) to copy filtered resources, i.e. build is platform dependent!
2017-09-04 14:47:55,421 [Worker-21] INFO  o.e.m.c.i.embedder.EclipseLogger - skip non existing resourceDirectory C:\Users\IBM_ADMIN\git\MySA-IA_git1\src\test\resources
2017-09-04 14:47:56,500 [Worker-22] WARN  o.e.m.c.i.embedder.EclipseLogger - Using platform encoding (Cp1252 actually) to copy filtered resources, i.e. build is platform dependent!
2017-09-04 14:47:56,501 [Worker-22] INFO  o.e.m.c.i.embedder.EclipseLogger - skip non existing resourceDirectory C:\Users\IBM_ADMIN\git\MySA-IA_git1\src\main\resources
2017-09-04 14:47:56,503 [Worker-22] WARN  o.e.m.c.i.embedder.EclipseLogger - Using platform encoding (Cp1252 actually) to copy filtered resources, i.e. build is platform dependent!
2017-09-04 14:47:56,504 [Worker-22] INFO  o.e.m.c.i.embedder.EclipseLogger - skip non existing resourceDirectory C:\Users\IBM_ADMIN\git\MySA-IA_git1\src\test\resources
2017-09-04 14:52:03,827 [Worker-25] INFO  o.e.m.c.i.l.LifecycleMappingFactory - Using org.eclipse.m2e.jdt.JarLifecycleMapping lifecycle mapping for MavenProject: Maven_project:Maven_project:0.0.1-SNAPSHOT @ C:\Users\IBM_ADMIN\git\MySA-IA_Git1\pom.xml.
2017-09-04 14:52:03,913 [Worker-27] INFO  o.e.m.c.i.l.LifecycleMappingFactory - Using org.eclipse.m2e.jdt.JarLifecycleMapping lifecycle mapping for MavenProject: Maven_project:Maven_project:0.0.1-SNAPSHOT @ C:\Users\IBM_ADMIN\git\MySA-IA_Git1\pom.xml.
2017-09-04 14:52:04,688 [Worker-25] WARN  o.e.m.c.i.embedder.EclipseLogger - The artifact jexcelapi:jxl:jar:2.6 has been relocated to net.sourceforge.jexcelapi:jxl:jar:2.6
2017-09-04 14:52:04,698 [Worker-27] WARN  o.e.m.c.i.embedder.EclipseLogger - The artifact jexcelapi:jxl:jar:2.6 has been relocated to net.sourceforge.jexcelapi:jxl:jar:2.6
2017-09-04 14:52:05,653 [Worker-27] WARN  o.e.m.c.i.embedder.EclipseLogger - Using platform encoding (Cp1252 actually) to copy filtered resources, i.e. build is platform dependent!
2017-09-04 14:52:05,655 [Worker-27] INFO  o.e.m.c.i.embedder.EclipseLogger - skip non existing resourceDirectory C:\Users\IBM_ADMIN\git\MySA-IA_Git1\src\main\resources
2017-09-04 14:52:05,656 [Worker-27] WARN  o.e.m.c.i.embedder.EclipseLogger - Using platform encoding (Cp1252 actually) to copy filtered resources, i.e. build is platform dependent!
2017-09-04 14:52:05,657 [Worker-27] INFO  o.e.m.c.i.embedder.EclipseLogger - skip non existing resourceDirectory C:\Users\IBM_ADMIN\git\MySA-IA_Git1\src\test\resources
2017-09-04 14:52:07,043 [Worker-33] INFO  o.e.m.c.i.l.LifecycleMappingFactory - Using org.eclipse.m2e.jdt.JarLifecycleMapping lifecycle mapping for MavenProject: Maven_project:Maven_project:0.0.1-SNAPSHOT @ C:\Users\IBM_ADMIN\git\MySA-IA_Git1\pom.xml.
2017-09-04 14:52:07,739 [Worker-30] WARN  o.e.m.c.i.embedder.EclipseLogger - Using platform encoding (Cp1252 actually) to copy filtered resources, i.e. build is platform dependent!
2017-09-04 14:52:07,741 [Worker-30] INFO  o.e.m.c.i.embedder.EclipseLogger - skip non existing resourceDirectory C:\Users\IBM_ADMIN\git\MySA-IA_Git1\src\main\resources
2017-09-04 14:52:07,744 [Worker-30] WARN  o.e.m.c.i.embedder.EclipseLogger - Using platform encoding (Cp1252 actually) to copy filtered resources, i.e. build is platform dependent!
2017-09-04 14:52:07,745 [Worker-30] INFO  o.e.m.c.i.embedder.EclipseLogger - skip non existing resourceDirectory C:\Users\IBM_ADMIN\git\MySA-IA_Git1\src\test\resources
2017-09-04 14:52:08,146 [Worker-33] WARN  o.e.m.c.i.embedder.EclipseLogger - The artifact jexcelapi:jxl:jar:2.6 has been relocated to net.sourceforge.jexcelapi:jxl:jar:2.6
2017-09-04 14:52:09,384 [Worker-29] WARN  o.e.m.c.i.embedder.EclipseLogger - Using platform encoding (Cp1252 actually) to copy filtered resources, i.e. build is platform dependent!
2017-09-04 14:52:09,384 [Worker-29] INFO  o.e.m.c.i.embedder.EclipseLogger - skip non existing resourceDirectory C:\Users\IBM_ADMIN\git\MySA-IA_Git1\src\main\resources
2017-09-04 14:52:09,386 [Worker-29] WARN  o.e.m.c.i.embedder.EclipseLogger - Using platform encoding (Cp1252 actually) to copy filtered resources, i.e. build is platform dependent!
2017-09-04 14:52:09,387 [Worker-29] INFO  o.e.m.c.i.embedder.EclipseLogger - skip non existing resourceDirectory C:\Users\IBM_ADMIN\git\MySA-IA_Git1\src\test\resources
2017-09-04 14:52:10,484 [Worker-29] WARN  o.e.m.c.i.embedder.EclipseLogger - Using platform encoding (Cp1252 actually) to copy filtered resources, i.e. build is platform dependent!
2017-09-04 14:52:10,486 [Worker-29] INFO  o.e.m.c.i.embedder.EclipseLogger - skip non existing resourceDirectory C:\Users\IBM_ADMIN\git\MySA-IA_Git1\src\main\resources
2017-09-04 14:52:10,488 [Worker-29] WARN  o.e.m.c.i.embedder.EclipseLogger - Using platform encoding (Cp1252 actually) to copy filtered resources, i.e. build is platform dependent!
2017-09-04 14:52:10,489 [Worker-29] INFO  o.e.m.c.i.embedder.EclipseLogger - skip non existing resourceDirectory C:\Users\IBM_ADMIN\git\MySA-IA_Git1\src\test\resources
2017-09-04 14:58:41,394 [Worker-0] INFO  o.e.m.c.i.l.LifecycleMappingFactory - Using org.eclipse.m2e.jdt.JarLifecycleMapping lifecycle mapping for MavenProject: Maven_project:Maven_project:0.0.1-SNAPSHOT @ C:\Users\IBM_ADMIN\git\MySA-IA1\pom.xml.
2017-09-04 14:58:43,820 [Worker-0] WARN  o.e.m.c.i.embedder.EclipseLogger - The artifact jexcelapi:jxl:jar:2.6 has been relocated to net.sourceforge.jexcelapi:jxl:jar:2.6
2017-09-04 14:58:46,708 [Worker-0] WARN  o.e.m.c.i.embedder.EclipseLogger - Using platform encoding (Cp1252 actually) to copy filtered resources, i.e. build is platform dependent!
2017-09-04 14:58:46,710 [Worker-0] INFO  o.e.m.c.i.embedder.EclipseLogger - skip non existing resourceDirectory C:\Users\IBM_ADMIN\git\MySA-IA1\src\main\resources
2017-09-04 14:58:46,712 [Worker-0] WARN  o.e.m.c.i.embedder.EclipseLogger - Using platform encoding (Cp1252 actually) to copy filtered resources, i.e. build is platform dependent!
2017-09-04 14:58:46,713 [Worker-0] INFO  o.e.m.c.i.embedder.EclipseLogger - skip non existing resourceDirectory C:\Users\IBM_ADMIN\git\MySA-IA1\src\test\resources
2017-09-04 14:58:47,437 [Worker-8] INFO  o.e.m.c.i.l.LifecycleMappingFactory - Using org.eclipse.m2e.jdt.JarLifecycleMapping lifecycle mapping for MavenProject: Maven_project:Maven_project:0.0.1-SNAPSHOT @ C:\Users\IBM_ADMIN\git\MySA-IA1\pom.xml.
2017-09-04 14:58:48,138 [Worker-8] WARN  o.e.m.c.i.embedder.EclipseLogger - The artifact jexcelapi:jxl:jar:2.6 has been relocated to net.sourceforge.jexcelapi:jxl:jar:2.6
2017-09-04 14:58:48,326 [Worker-8] INFO  o.e.m.c.i.l.LifecycleMappingFactory - Using org.eclipse.m2e.jdt.JarLifecycleMapping lifecycle mapping for MavenProject: Maven_project:Maven_project:0.0.1-SNAPSHOT @ C:\Users\IBM_ADMIN\git\MySA-IA1\pom.xml.
2017-09-04 14:58:48,896 [Worker-8] WARN  o.e.m.c.i.embedder.EclipseLogger - The artifact jexcelapi:jxl:jar:2.6 has been relocated to net.sourceforge.jexcelapi:jxl:jar:2.6
2017-09-04 14:58:49,982 [Worker-6] WARN  o.e.m.c.i.embedder.EclipseLogger - Using platform encoding (Cp1252 actually) to copy filtered resources, i.e. build is platform dependent!
2017-09-04 14:58:49,984 [Worker-6] INFO  o.e.m.c.i.embedder.EclipseLogger - skip non existing resourceDirectory C:\Users\IBM_ADMIN\git\MySA-IA1\src\main\resources
2017-09-04 14:58:49,989 [Worker-6] WARN  o.e.m.c.i.embedder.EclipseLogger - Using platform encoding (Cp1252 actually) to copy filtered resources, i.e. build is platform dependent!
2017-09-04 14:58:49,991 [Worker-6] INFO  o.e.m.c.i.embedder.EclipseLogger - skip non existing resourceDirectory C:\Users\IBM_ADMIN\git\MySA-IA1\src\test\resources
2017-09-04 14:58:51,202 [Worker-8] WARN  o.e.m.c.i.embedder.EclipseLogger - Using platform encoding (Cp1252 actually) to copy filtered resources, i.e. build is platform dependent!
2017-09-04 14:58:51,205 [Worker-8] INFO  o.e.m.c.i.embedder.EclipseLogger - skip non existing resourceDirectory C:\Users\IBM_ADMIN\git\MySA-IA1\src\main\resources
2017-09-04 14:58:51,211 [Worker-8] WARN  o.e.m.c.i.embedder.EclipseLogger - Using platform encoding (Cp1252 actually) to copy filtered resources, i.e. build is platform dependent!
2017-09-04 14:58:51,213 [Worker-8] INFO  o.e.m.c.i.embedder.EclipseLogger - skip non existing resourceDirectory C:\Users\IBM_ADMIN\git\MySA-IA1\src\test\resources
2017-09-04 14:58:52,338 [Worker-0] WARN  o.e.m.c.i.embedder.EclipseLogger - Using platform encoding (Cp1252 actually) to copy filtered resources, i.e. build is platform dependent!
2017-09-04 14:58:52,342 [Worker-0] INFO  o.e.m.c.i.embedder.EclipseLogger - skip non existing resourceDirectory C:\Users\IBM_ADMIN\git\MySA-IA1\src\main\resources
2017-09-04 14:58:52,356 [Worker-0] WARN  o.e.m.c.i.embedder.EclipseLogger - Using platform encoding (Cp1252 actually) to copy filtered resources, i.e. build is platform dependent!
2017-09-04 14:58:52,363 [Worker-0] INFO  o.e.m.c.i.embedder.EclipseLogger - skip non existing resourceDirectory C:\Users\IBM_ADMIN\git\MySA-IA1\src\test\resources
2017-09-04 15:07:26,344 [Worker-7] INFO  o.e.m.c.i.l.LifecycleMappingFactory - Using org.eclipse.m2e.jdt.JarLifecycleMapping lifecycle mapping for MavenProject: Maven_project:Maven_project:0.0.1-SNAPSHOT @ C:\Users\IBM_ADMIN\git\MySA-IA_Git_IBM\pom.xml.
2017-09-04 15:07:27,234 [Worker-7] WARN  o.e.m.c.i.embedder.EclipseLogger - The artifact jexcelapi:jxl:jar:2.6 has been relocated to net.sourceforge.jexcelapi:jxl:jar:2.6
2017-09-04 15:07:27,463 [Worker-11] INFO  o.e.m.c.i.l.LifecycleMappingFactory - Using org.eclipse.m2e.jdt.JarLifecycleMapping lifecycle mapping for MavenProject: Maven_project:Maven_project:0.0.1-SNAPSHOT @ C:\Users\IBM_ADMIN\git\MySA-IA_Git_IBM\pom.xml.
2017-09-04 15:07:27,863 [Worker-11] WARN  o.e.m.c.i.embedder.EclipseLogger - The artifact jexcelapi:jxl:jar:2.6 has been relocated to net.sourceforge.jexcelapi:jxl:jar:2.6
2017-09-04 15:07:28,989 [Worker-11] WARN  o.e.m.c.i.embedder.EclipseLogger - Using platform encoding (Cp1252 actually) to copy filtered resources, i.e. build is platform dependent!
2017-09-04 15:07:28,991 [Worker-11] INFO  o.e.m.c.i.embedder.EclipseLogger - skip non existing resourceDirectory C:\Users\IBM_ADMIN\git\MySA-IA_Git_IBM\src\main\resources
2017-09-04 15:07:28,997 [Worker-11] WARN  o.e.m.c.i.embedder.EclipseLogger - Using platform encoding (Cp1252 actually) to copy filtered resources, i.e. build is platform dependent!
2017-09-04 15:07:28,999 [Worker-11] INFO  o.e.m.c.i.embedder.EclipseLogger - skip non existing resourceDirectory C:\Users\IBM_ADMIN\git\MySA-IA_Git_IBM\src\test\resources
2017-09-04 15:07:30,466 [Worker-12] INFO  o.e.m.c.i.l.LifecycleMappingFactory - Using org.eclipse.m2e.jdt.JarLifecycleMapping lifecycle mapping for MavenProject: Maven_project:Maven_project:0.0.1-SNAPSHOT @ C:\Users\IBM_ADMIN\git\MySA-IA_Git_IBM\pom.xml.
2017-09-04 15:07:31,510 [Worker-11] WARN  o.e.m.c.i.embedder.EclipseLogger - Using platform encoding (Cp1252 actually) to copy filtered resources, i.e. build is platform dependent!
2017-09-04 15:07:31,512 [Worker-11] INFO  o.e.m.c.i.embedder.EclipseLogger - skip non existing resourceDirectory C:\Users\IBM_ADMIN\git\MySA-IA_Git_IBM\src\main\resources
2017-09-04 15:07:31,538 [Worker-11] WARN  o.e.m.c.i.embedder.EclipseLogger - Using platform encoding (Cp1252 actually) to copy filtered resources, i.e. build is platform dependent!
2017-09-04 15:07:31,539 [Worker-11] INFO  o.e.m.c.i.embedder.EclipseLogger - skip non existing resourceDirectory C:\Users\IBM_ADMIN\git\MySA-IA_Git_IBM\src\test\resources
2017-09-04 15:07:31,835 [Worker-12] WARN  o.e.m.c.i.embedder.EclipseLogger - The artifact jexcelapi:jxl:jar:2.6 has been relocated to net.sourceforge.jexcelapi:jxl:jar:2.6
2017-09-04 15:07:33,535 [Worker-13] WARN  o.e.m.c.i.embedder.EclipseLogger - Using platform encoding (Cp1252 actually) to copy filtered resources, i.e. build is platform dependent!
2017-09-04 15:07:33,537 [Worker-13] INFO  o.e.m.c.i.embedder.EclipseLogger - skip non existing resourceDirectory C:\Users\IBM_ADMIN\git\MySA-IA_Git_IBM\src\main\resources
2017-09-04 15:07:33,538 [Worker-13] WARN  o.e.m.c.i.embedder.EclipseLogger - Using platform encoding (Cp1252 actually) to copy filtered resources, i.e. build is platform dependent!
2017-09-04 15:07:33,540 [Worker-13] INFO  o.e.m.c.i.embedder.EclipseLogger - skip non existing resourceDirectory C:\Users\IBM_ADMIN\git\MySA-IA_Git_IBM\src\test\resources
2017-09-04 15:07:34,629 [Worker-9] WARN  o.e.m.c.i.embedder.EclipseLogger - Using platform encoding (Cp1252 actually) to copy filtered resources, i.e. build is platform dependent!
2017-09-04 15:07:34,630 [Worker-9] INFO  o.e.m.c.i.embedder.EclipseLogger - skip non existing resourceDirectory C:\Users\IBM_ADMIN\git\MySA-IA_Git_IBM\src\main\resources
2017-09-04 15:07:34,633 [Worker-9] WARN  o.e.m.c.i.embedder.EclipseLogger - Using platform encoding (Cp1252 actually) to copy filtered resources, i.e. build is platform dependent!
2017-09-04 15:07:34,634 [Worker-9] INFO  o.e.m.c.i.embedder.EclipseLogger - skip non existing resourceDirectory C:\Users\IBM_ADMIN\git\MySA-IA_Git_IBM\src\test\resources
2017-09-04 15:17:36,377 [Worker-15] WARN  o.e.m.c.i.embedder.EclipseLogger - Using platform encoding (Cp1252 actually) to copy filtered resources, i.e. build is platform dependent!
2017-09-04 15:17:36,382 [Worker-15] INFO  o.e.m.c.i.embedder.EclipseLogger - skip non existing resourceDirectory C:\Users\IBM_ADMIN\git\MySA-IA_Git_IBM\src\main\resources
2017-09-04 15:17:36,385 [Worker-15] WARN  o.e.m.c.i.embedder.EclipseLogger - Using platform encoding (Cp1252 actually) to copy filtered resources, i.e. build is platform dependent!
2017-09-04 15:17:36,387 [Worker-15] INFO  o.e.m.c.i.embedder.EclipseLogger - skip non existing resourceDirectory C:\Users\IBM_ADMIN\git\MySA-IA_Git_IBM\src\test\resources
2017-09-04 15:32:53,596 [Worker-15] WARN  o.e.m.c.i.embedder.EclipseLogger - Using platform encoding (Cp1252 actually) to copy filtered resources, i.e. build is platform dependent!
2017-09-04 15:32:53,600 [Worker-15] INFO  o.e.m.c.i.embedder.EclipseLogger - skip non existing resourceDirectory C:\Users\IBM_ADMIN\git\MySA-IA_Git_IBM\src\main\resources
2017-09-04 15:32:53,602 [Worker-15] WARN  o.e.m.c.i.embedder.EclipseLogger - Using platform encoding (Cp1252 actually) to copy filtered resources, i.e. build is platform dependent!
2017-09-04 15:32:53,604 [Worker-15] INFO  o.e.m.c.i.embedder.EclipseLogger - skip non existing resourceDirectory C:\Users\IBM_ADMIN\git\MySA-IA_Git_IBM\src\test\resources
2017-09-04 16:28:19,614 [Worker-9] INFO  o.e.m.c.i.l.LifecycleMappingFactory - Using org.eclipse.m2e.jdt.JarLifecycleMapping lifecycle mapping for MavenProject: Maven_project:Maven_project:0.0.1-SNAPSHOT @ C:\Users\IBM_ADMIN\git\MySA-IA1\pom.xml.
2017-09-04 16:28:20,475 [Worker-9] WARN  o.e.m.c.i.embedder.EclipseLogger - The artifact jexcelapi:jxl:jar:2.6 has been relocated to net.sourceforge.jexcelapi:jxl:jar:2.6
2017-09-04 16:28:21,710 [Worker-9] WARN  o.e.m.c.i.embedder.EclipseLogger - Using platform encoding (Cp1252 actually) to copy filtered resources, i.e. build is platform dependent!
2017-09-04 16:28:21,713 [Worker-9] INFO  o.e.m.c.i.embedder.EclipseLogger - skip non existing resourceDirectory C:\Users\IBM_ADMIN\git\MySA-IA1\src\main\resources
2017-09-04 16:28:21,717 [Worker-9] WARN  o.e.m.c.i.embedder.EclipseLogger - Using platform encoding (Cp1252 actually) to copy filtered resources, i.e. build is platform dependent!
2017-09-04 16:28:21,719 [Worker-9] INFO  o.e.m.c.i.embedder.EclipseLogger - skip non existing resourceDirectory C:\Users\IBM_ADMIN\git\MySA-IA1\src\test\resources
2017-09-04 16:28:22,055 [Worker-9] INFO  o.e.m.c.i.l.LifecycleMappingFactory - Using org.eclipse.m2e.jdt.JarLifecycleMapping lifecycle mapping for MavenProject: Maven_project:Maven_project:0.0.1-SNAPSHOT @ C:\Users\IBM_ADMIN\git\MySA-IA1\pom.xml.
2017-09-04 16:28:23,119 [Worker-9] WARN  o.e.m.c.i.embedder.EclipseLogger - The artifact jexcelapi:jxl:jar:2.6 has been relocated to net.sourceforge.jexcelapi:jxl:jar:2.6
2017-09-04 16:28:23,940 [Worker-17] WARN  o.e.m.c.i.embedder.EclipseLogger - Using platform encoding (Cp1252 actually) to copy filtered resources, i.e. build is platform dependent!
2017-09-04 16:28:23,941 [Worker-17] INFO  o.e.m.c.i.embedder.EclipseLogger - skip non existing resourceDirectory C:\Users\IBM_ADMIN\git\MySA-IA1\src\main\resources
2017-09-04 16:28:23,943 [Worker-17] WARN  o.e.m.c.i.embedder.EclipseLogger - Using platform encoding (Cp1252 actually) to copy filtered resources, i.e. build is platform dependent!
2017-09-04 16:28:23,944 [Worker-17] INFO  o.e.m.c.i.embedder.EclipseLogger - skip non existing resourceDirectory C:\Users\IBM_ADMIN\git\MySA-IA1\src\test\resources
2017-09-04 16:28:25,087 [Worker-15] WARN  o.e.m.c.i.embedder.EclipseLogger - Using platform encoding (Cp1252 actually) to copy filtered resources, i.e. build is platform dependent!
2017-09-04 16:28:25,088 [Worker-15] INFO  o.e.m.c.i.embedder.EclipseLogger - skip non existing resourceDirectory C:\Users\IBM_ADMIN\git\MySA-IA1\src\main\resources
2017-09-04 16:28:25,090 [Worker-15] WARN  o.e.m.c.i.embedder.EclipseLogger - Using platform encoding (Cp1252 actually) to copy filtered resources, i.e. build is platform dependent!
2017-09-04 16:28:25,091 [Worker-15] INFO  o.e.m.c.i.embedder.EclipseLogger - skip non existing resourceDirectory C:\Users\IBM_ADMIN\git\MySA-IA1\src\test\resources
2017-09-04 16:28:26,138 [Worker-20] WARN  o.e.m.c.i.embedder.EclipseLogger - Using platform encoding (Cp1252 actually) to copy filtered resources, i.e. build is platform dependent!
2017-09-04 16:28:26,139 [Worker-20] INFO  o.e.m.c.i.embedder.EclipseLogger - skip non existing resourceDirectory C:\Users\IBM_ADMIN\git\MySA-IA1\src\main\resources
2017-09-04 16:28:26,141 [Worker-20] WARN  o.e.m.c.i.embedder.EclipseLogger - Using platform encoding (Cp1252 actually) to copy filtered resources, i.e. build is platform dependent!
2017-09-04 16:28:26,143 [Worker-20] INFO  o.e.m.c.i.embedder.EclipseLogger - skip non existing resourceDirectory C:\Users\IBM_ADMIN\git\MySA-IA1\src\test\resources
2017-09-04 16:54:14,782 [Worker-24] WARN  o.e.m.c.i.embedder.EclipseLogger - Using platform encoding (Cp1252 actually) to copy filtered resources, i.e. build is platform dependent!
2017-09-04 16:54:14,784 [Worker-24] INFO  o.e.m.c.i.embedder.EclipseLogger - skip non existing resourceDirectory C:\Users\IBM_ADMIN\git\MySA-IA1\src\main\resources
2017-09-04 16:54:14,786 [Worker-24] WARN  o.e.m.c.i.embedder.EclipseLogger - Using platform encoding (Cp1252 actually) to copy filtered resources, i.e. build is platform dependent!
2017-09-04 16:54:14,788 [Worker-24] INFO  o.e.m.c.i.embedder.EclipseLogger - skip non existing resourceDirectory C:\Users\IBM_ADMIN\git\MySA-IA1\src\test\resources
2017-09-04 16:56:02,224 [Worker-24] INFO  o.e.m.c.i.l.LifecycleMappingFactory - Using org.eclipse.m2e.jdt.JarLifecycleMapping lifecycle mapping for MavenProject: Maven_project:Maven_project:0.0.1-SNAPSHOT @ C:\Users\IBM_ADMIN\git\MySA-IA1\pom.xml.
2017-09-04 16:56:03,059 [Worker-24] WARN  o.e.m.c.i.embedder.EclipseLogger - The artifact jexcelapi:jxl:jar:2.6 has been relocated to net.sourceforge.jexcelapi:jxl:jar:2.6
2017-09-04 16:56:04,083 [Worker-24] WARN  o.e.m.c.i.embedder.EclipseLogger - Using platform encoding (Cp1252 actually) to copy filtered resources, i.e. build is platform dependent!
2017-09-04 16:56:04,085 [Worker-24] INFO  o.e.m.c.i.embedder.EclipseLogger - skip non existing resourceDirectory C:\Users\IBM_ADMIN\git\MySA-IA1\src\main\resources
2017-09-04 16:56:04,088 [Worker-24] WARN  o.e.m.c.i.embedder.EclipseLogger - Using platform encoding (Cp1252 actually) to copy filtered resources, i.e. build is platform dependent!
2017-09-04 16:56:04,089 [Worker-24] INFO  o.e.m.c.i.embedder.EclipseLogger - skip non existing resourceDirectory C:\Users\IBM_ADMIN\git\MySA-IA1\src\test\resources
2017-09-04 16:56:04,537 [Worker-24] INFO  o.e.m.c.i.l.LifecycleMappingFactory - Using org.eclipse.m2e.jdt.JarLifecycleMapping lifecycle mapping for MavenProject: Maven_project:Maven_project:0.0.1-SNAPSHOT @ C:\Users\IBM_ADMIN\git\MySA-IA1\pom.xml.
2017-09-04 16:56:05,382 [Worker-24] WARN  o.e.m.c.i.embedder.EclipseLogger - The artifact jexcelapi:jxl:jar:2.6 has been relocated to net.sourceforge.jexcelapi:jxl:jar:2.6
2017-09-04 16:56:06,323 [Worker-21] WARN  o.e.m.c.i.embedder.EclipseLogger - Using platform encoding (Cp1252 actually) to copy filtered resources, i.e. build is platform dependent!
2017-09-04 16:56:06,325 [Worker-21] INFO  o.e.m.c.i.embedder.EclipseLogger - skip non existing resourceDirectory C:\Users\IBM_ADMIN\git\MySA-IA1\src\main\resources
2017-09-04 16:56:06,353 [Worker-21] WARN  o.e.m.c.i.embedder.EclipseLogger - Using platform encoding (Cp1252 actually) to copy filtered resources, i.e. build is platform dependent!
2017-09-04 16:56:06,354 [Worker-21] INFO  o.e.m.c.i.embedder.EclipseLogger - skip non existing resourceDirectory C:\Users\IBM_ADMIN\git\MySA-IA1\src\test\resources
2017-09-04 16:56:07,543 [Worker-27] WARN  o.e.m.c.i.embedder.EclipseLogger - Using platform encoding (Cp1252 actually) to copy filtered resources, i.e. build is platform dependent!
2017-09-04 16:56:07,544 [Worker-27] INFO  o.e.m.c.i.embedder.EclipseLogger - skip non existing resourceDirectory C:\Users\IBM_ADMIN\git\MySA-IA1\src\main\resources
2017-09-04 16:56:07,545 [Worker-27] WARN  o.e.m.c.i.embedder.EclipseLogger - Using platform encoding (Cp1252 actually) to copy filtered resources, i.e. build is platform dependent!
2017-09-04 16:56:07,546 [Worker-27] INFO  o.e.m.c.i.embedder.EclipseLogger - skip non existing resourceDirectory C:\Users\IBM_ADMIN\git\MySA-IA1\src\test\resources
2017-09-04 16:56:08,641 [Worker-24] WARN  o.e.m.c.i.embedder.EclipseLogger - Using platform encoding (Cp1252 actually) to copy filtered resources, i.e. build is platform dependent!
2017-09-04 16:56:08,642 [Worker-24] INFO  o.e.m.c.i.embedder.EclipseLogger - skip non existing resourceDirectory C:\Users\IBM_ADMIN\git\MySA-IA1\src\main\resources
2017-09-04 16:56:08,644 [Worker-24] WARN  o.e.m.c.i.embedder.EclipseLogger - Using platform encoding (Cp1252 actually) to copy filtered resources, i.e. build is platform dependent!
2017-09-04 16:56:08,645 [Worker-24] INFO  o.e.m.c.i.embedder.EclipseLogger - skip non existing resourceDirectory C:\Users\IBM_ADMIN\git\MySA-IA1\src\test\resources
2017-09-04 17:10:14,119 [Worker-21] WARN  o.e.m.c.i.embedder.EclipseLogger - Using platform encoding (Cp1252 actually) to copy filtered resources, i.e. build is platform dependent!
2017-09-04 17:10:14,122 [Worker-21] INFO  o.e.m.c.i.embedder.EclipseLogger - skip non existing resourceDirectory C:\Users\IBM_ADMIN\git\MySA-IA1\src\main\resources
2017-09-04 17:10:14,124 [Worker-21] WARN  o.e.m.c.i.embedder.EclipseLogger - Using platform encoding (Cp1252 actually) to copy filtered resources, i.e. build is platform dependent!
2017-09-04 17:10:14,126 [Worker-21] INFO  o.e.m.c.i.embedder.EclipseLogger - skip non existing resourceDirectory C:\Users\IBM_ADMIN\git\MySA-IA1\src\test\resources
2017-09-05 11:21:36,867 [Worker-30] WARN  o.e.m.c.i.embedder.EclipseLogger - Using platform encoding (Cp1252 actually) to copy filtered resources, i.e. build is platform dependent!
2017-09-05 11:21:36,872 [Worker-30] INFO  o.e.m.c.i.embedder.EclipseLogger - skip non existing resourceDirectory C:\Users\IBM_ADMIN\git\MySA-IA1\src\main\resources
2017-09-05 11:21:36,875 [Worker-30] WARN  o.e.m.c.i.embedder.EclipseLogger - Using platform encoding (Cp1252 actually) to copy filtered resources, i.e. build is platform dependent!
2017-09-05 11:21:36,878 [Worker-30] INFO  o.e.m.c.i.embedder.EclipseLogger - skip non existing resourceDirectory C:\Users\IBM_ADMIN\git\MySA-IA1\src\test\resources
2017-09-05 15:54:01,929 [Worker-44] WARN  o.e.m.c.i.embedder.EclipseLogger - Using platform encoding (Cp1252 actually) to copy filtered resources, i.e. build is platform dependent!
2017-09-05 15:54:01,931 [Worker-44] INFO  o.e.m.c.i.embedder.EclipseLogger - skip non existing resourceDirectory C:\Users\IBM_ADMIN\git\MySA-IA1\src\main\resources
2017-09-05 15:54:01,933 [Worker-44] WARN  o.e.m.c.i.embedder.EclipseLogger - Using platform encoding (Cp1252 actually) to copy filtered resources, i.e. build is platform dependent!
2017-09-05 15:54:01,935 [Worker-44] INFO  o.e.m.c.i.embedder.EclipseLogger - skip non existing resourceDirectory C:\Users\IBM_ADMIN\git\MySA-IA1\src\test\resources
2017-09-09 17:58:23,721 [Worker-1] WARN  o.e.m.c.i.embedder.EclipseLogger - The artifact jexcelapi:jxl:jar:2.6 has been relocated to net.sourceforge.jexcelapi:jxl:jar:2.6
2017-09-09 17:58:25,593 [Worker-1] WARN  o.e.m.c.i.embedder.EclipseLogger - Using platform encoding (Cp1252 actually) to copy filtered resources, i.e. build is platform dependent!
2017-09-09 17:58:25,609 [Worker-1] INFO  o.e.m.c.i.embedder.EclipseLogger - skip non existing resourceDirectory C:\Users\IBM_ADMIN\git\MySA-IA1\src\main\resources
2017-09-09 17:58:25,609 [Worker-1] WARN  o.e.m.c.i.embedder.EclipseLogger - Using platform encoding (Cp1252 actually) to copy filtered resources, i.e. build is platform dependent!
2017-09-09 17:58:25,609 [Worker-1] INFO  o.e.m.c.i.embedder.EclipseLogger - skip non existing resourceDirectory C:\Users\IBM_ADMIN\git\MySA-IA1\src\test\resources
2017-09-15 11:36:00,472 [Worker-9] WARN  o.e.m.c.i.embedder.EclipseLogger - The artifact jexcelapi:jxl:jar:2.6 has been relocated to net.sourceforge.jexcelapi:jxl:jar:2.6
2017-09-15 11:36:01,608 [Worker-9] WARN  o.e.m.c.i.embedder.EclipseLogger - Using platform encoding (Cp1252 actually) to copy filtered resources, i.e. build is platform dependent!
2017-09-15 11:36:01,610 [Worker-9] INFO  o.e.m.c.i.embedder.EclipseLogger - skip non existing resourceDirectory C:\Users\IBM_ADMIN\git\MySA-IA1\src\main\resources
2017-09-15 11:36:01,613 [Worker-9] WARN  o.e.m.c.i.embedder.EclipseLogger - Using platform encoding (Cp1252 actually) to copy filtered resources, i.e. build is platform dependent!
2017-09-15 11:36:01,614 [Worker-9] INFO  o.e.m.c.i.embedder.EclipseLogger - skip non existing resourceDirectory C:\Users\IBM_ADMIN\git\MySA-IA1\src\test\resources
2017-09-15 11:36:03,498 [Worker-8] WARN  o.e.m.c.i.embedder.EclipseLogger - Using platform encoding (Cp1252 actually) to copy filtered resources, i.e. build is platform dependent!
2017-09-15 11:36:03,501 [Worker-8] INFO  o.e.m.c.i.embedder.EclipseLogger - skip non existing resourceDirectory C:\Users\IBM_ADMIN\git\MySA-IA1\src\main\resources
2017-09-15 11:36:03,503 [Worker-8] WARN  o.e.m.c.i.embedder.EclipseLogger - Using platform encoding (Cp1252 actually) to copy filtered resources, i.e. build is platform dependent!
2017-09-15 11:36:03,505 [Worker-8] INFO  o.e.m.c.i.embedder.EclipseLogger - skip non existing resourceDirectory C:\Users\IBM_ADMIN\git\MySA-IA1\src\test\resources
2017-09-15 11:39:43,135 [Worker-6] WARN  o.e.m.c.i.embedder.EclipseLogger - Using platform encoding (Cp1252 actually) to copy filtered resources, i.e. build is platform dependent!
2017-09-15 11:39:43,137 [Worker-6] INFO  o.e.m.c.i.embedder.EclipseLogger - skip non existing resourceDirectory C:\Users\IBM_ADMIN\git\MySA-IA1\src\main\resources
2017-09-15 11:39:43,139 [Worker-6] WARN  o.e.m.c.i.embedder.EclipseLogger - Using platform encoding (Cp1252 actually) to copy filtered resources, i.e. build is platform dependent!
2017-09-15 11:39:43,140 [Worker-6] INFO  o.e.m.c.i.embedder.EclipseLogger - skip non existing resourceDirectory C:\Users\IBM_ADMIN\git\MySA-IA1\src\test\resources
2017-09-15 11:47:55,548 [Worker-2] WARN  o.e.m.c.i.embedder.EclipseLogger - The artifact jexcelapi:jxl:jar:2.6 has been relocated to net.sourceforge.jexcelapi:jxl:jar:2.6
2017-09-15 11:47:56,404 [Worker-2] WARN  o.e.m.c.i.embedder.EclipseLogger - Using platform encoding (Cp1252 actually) to copy filtered resources, i.e. build is platform dependent!
2017-09-15 11:47:56,406 [Worker-2] INFO  o.e.m.c.i.embedder.EclipseLogger - skip non existing resourceDirectory C:\Users\IBM_ADMIN\git\MySA-IA1\src\main\resources
2017-09-15 11:47:56,409 [Worker-2] WARN  o.e.m.c.i.embedder.EclipseLogger - Using platform encoding (Cp1252 actually) to copy filtered resources, i.e. build is platform dependent!
2017-09-15 11:47:56,410 [Worker-2] INFO  o.e.m.c.i.embedder.EclipseLogger - skip non existing resourceDirectory C:\Users\IBM_ADMIN\git\MySA-IA1\src\test\resources
2017-09-15 11:58:49,858 [Worker-5] WARN  o.e.m.c.i.embedder.EclipseLogger - Using platform encoding (Cp1252 actually) to copy filtered resources, i.e. build is platform dependent!
2017-09-15 11:58:49,861 [Worker-5] INFO  o.e.m.c.i.embedder.EclipseLogger - skip non existing resourceDirectory C:\Users\IBM_ADMIN\git\MySA-IA1\src\main\resources
2017-09-15 11:58:49,862 [Worker-5] WARN  o.e.m.c.i.embedder.EclipseLogger - Using platform encoding (Cp1252 actually) to copy filtered resources, i.e. build is platform dependent!
2017-09-15 11:58:49,863 [Worker-5] INFO  o.e.m.c.i.embedder.EclipseLogger - skip non existing resourceDirectory C:\Users\IBM_ADMIN\git\MySA-IA1\src\test\resources
2017-09-15 12:01:54,409 [Worker-10] WARN  o.e.m.c.i.embedder.EclipseLogger - Using platform encoding (Cp1252 actually) to copy filtered resources, i.e. build is platform dependent!
2017-09-15 12:01:54,411 [Worker-10] INFO  o.e.m.c.i.embedder.EclipseLogger - skip non existing resourceDirectory C:\Users\IBM_ADMIN\git\MySA-IA1\src\main\resources
2017-09-15 12:01:54,417 [Worker-10] WARN  o.e.m.c.i.embedder.EclipseLogger - Using platform encoding (Cp1252 actually) to copy filtered resources, i.e. build is platform dependent!
2017-09-15 12:01:54,420 [Worker-10] INFO  o.e.m.c.i.embedder.EclipseLogger - skip non existing resourceDirectory C:\Users\IBM_ADMIN\git\MySA-IA1\src\test\resources
2017-09-15 12:01:55,648 [Worker-13] WARN  o.e.m.c.i.embedder.EclipseLogger - Using platform encoding (Cp1252 actually) to copy filtered resources, i.e. build is platform dependent!
2017-09-15 12:01:55,650 [Worker-13] INFO  o.e.m.c.i.embedder.EclipseLogger - skip non existing resourceDirectory C:\Users\IBM_ADMIN\git\MySA-IA1\src\main\resources
2017-09-15 12:01:55,652 [Worker-13] WARN  o.e.m.c.i.embedder.EclipseLogger - Using platform encoding (Cp1252 actually) to copy filtered resources, i.e. build is platform dependent!
2017-09-15 12:01:55,654 [Worker-13] INFO  o.e.m.c.i.embedder.EclipseLogger - skip non existing resourceDirectory C:\Users\IBM_ADMIN\git\MySA-IA1\src\test\resources
